<?xml version="1.0" encoding="UTF-8"?>
<!-- Generated by org.testng.reporters.JUnitReportReporter -->
<testsuite hostname="pensionbox-pradeep-Vivobook-M1603QA" failures="0" tests="7" name="testScripts.Login" time="58.368" errors="0" timestamp="2024-07-23T18:47:38 IST" skipped="0">
  <testcase classname="testScripts.Login" name="loginTC006" time="7.715"/>
  <system-out/>
  <testcase classname="testScripts.Login" name="loginTC005" time="8.268"/>
  <system-out/>
  <testcase classname="testScripts.Login" name="loginTC003" time="8.285"/>
  <system-out/>
  <testcase classname="testScripts.Login" name="loginTC008" time="7.331"/>
  <system-out/>
  <testcase classname="testScripts.Login" name="loginTC001" time="9.336"/>
  <system-out/>
  <testcase classname="testScripts.Login" name="loginTC008B" time="7.723"/>
  <system-out/>
  <testcase classname="testScripts.Login" name="loginTC004" time="9.710"/>
  <system-out/>
</testsuite> <!-- testScripts.Login -->
