<?xml version="1.0" encoding="UTF-8"?>
<!-- Generated by org.testng.reporters.JUnitReportReporter -->
<testsuite hostname="pensionbox-pradeep-Vivobook-M1603QA" failures="0" tests="8" name="testScripts.SignUp" time="74.472" errors="0" timestamp="2024-08-12T12:55:16 IST" skipped="0">
  <testcase classname="testScripts.SignUp" name="signUpTC001" time="17.423"/>
  <system-out/>
  <testcase classname="testScripts.SignUp" name="signUpTC006" time="8.306"/>
  <system-out/>
  <testcase classname="testScripts.SignUp" name="signUpTC010B" time="8.338"/>
  <system-out/>
  <testcase classname="testScripts.SignUp" name="signUpTC005" time="7.050"/>
  <system-out/>
  <testcase classname="testScripts.SignUp" name="signUpTC007" time="9.171"/>
  <system-out/>
  <testcase classname="testScripts.SignUp" name="signUpTC003" time="8.050"/>
  <system-out/>
  <testcase classname="testScripts.SignUp" name="signUpTC004" time="7.474"/>
  <system-out/>
  <testcase classname="testScripts.SignUp" name="signUpTC010" time="8.660"/>
  <system-out/>
</testsuite> <!-- testScripts.SignUp -->
